#
# There is insufficient memory for the Java Runtime Environment to continue.
# Native memory allocation (mmap) failed to map 134217728 bytes for Failed to commit area from 0x0000000081600000 to 0x0000000089600000 of length 134217728.
# Possible reasons:
#   The system is out of physical RAM or swap space
#   The process is running with CompressedOops enabled, and the Java Heap may be blocking the growth of the native heap
# Possible solutions:
#   Reduce memory load on the system
#   Increase physical memory or swap space
#   Check if swap backing store is full
#   Decrease Java heap size (-Xmx/-Xms)
#   Decrease number of Java threads
#   Decrease Java thread stack sizes (-Xss)
#   Set larger code cache with -XX:ReservedCodeCacheSize=
# This output file may be truncated or incomplete.
#
#  Out of Memory Error (t:/workspace/open/src/hotspot/os/windows/os_windows.cpp:3221), pid=10620, tid=15060
#
# JRE version:  (10.0.2+13) (build )
# Java VM: Java HotSpot(TM) 64-Bit Server VM (10.0.2+13, mixed mode, aot, tiered, compressed oops, g1 gc, windows-amd64)
# No core dump will be written. Minidumps are not enabled by default on client versions of Windows
#

---------------  S U M M A R Y ------------

Command Line: -agentlib:jdwp=transport=dt_socket,address=127.0.0.1:49574,suspend=y,server=n -javaagent:C:\Users\MAIBENBEN\AppData\Local\JetBrains\IntelliJIdea2020.2\captureAgent\debugger-agent.jar -Dfile.encoding=UTF-8 com.company.sort8.Mainkuai

Host: Intel(R) Core(TM) i5-8250U CPU @ 1.60GHz, 8 cores, 7G,  Windows 10 , 64 bit Build 18362 (10.0.18362.329)
Time: Thu Sep 24 22:52:07 2020 ?D1ú±ê×?ê±?? elapsed time: 0 seconds (0d 0h 0m 0s)

---------------  T H R E A D  ---------------

Current thread (0x000002b890ffb000):  JavaThread "Unknown thread" [_thread_in_vm, id=15060, stack(0x000000d3df500000,0x000000d3df600000)]

Stack: [0x000000d3df500000,0x000000d3df600000]
Native frames: (J=compiled Java code, j=interpreted, Vv=VM code, C=native code)
V  [jvm.dll+0x5a01a9]
V  [jvm.dll+0x6bcf31]
V  [jvm.dll+0x6be126]
V  [jvm.dll+0x6be7b3]
V  [jvm.dll+0x234978]
V  [jvm.dll+0x59dac4]
V  [jvm.dll+0x592825]
V  [jvm.dll+0x2f632b]
V  [jvm.dll+0x2f6295]
V  [jvm.dll+0x2f6172]
V  [jvm.dll+0x2f8366]
V  [jvm.dll+0x344293]
V  [jvm.dll+0x3449a6]
V  [jvm.dll+0x344393]
V  [jvm.dll+0x2c4628]
V  [jvm.dll+0x2c5771]
V  [jvm.dll+0x69d1db]
V  [jvm.dll+0x69e9fc]
V  [jvm.dll+0x3519e9]
V  [jvm.dll+0x6856a2]
V  [jvm.dll+0x3ba0c3]
V  [jvm.dll+0x3bc261]
C  [java.exe+0x3531]
C  [java.exe+0xe1af]
C  [java.exe+0xe356]
C  [KERNEL32.DLL+0x17bd4]
C  [ntdll.dll+0x6ced1]


---------------  P R O C E S S  ---------------

Threads class SMR info:
_java_thread_list=0x000002b88eb1c800, length=0, elements={
}

Java Threads: ( => current thread )

Other Threads:
  0x000002b891015000 GCTaskThread "GC Thread#0" [stack: 0x000000d3df600000,0x000000d3df700000] [id=2616]
  0x000002b891016000 GCTaskThread "GC Thread#1" [stack: 0x000000d3df700000,0x000000d3df800000] [id=19088]
  0x000002b891018800 GCTaskThread "GC Thread#2" [stack: 0x000000d3df800000,0x000000d3df900000] [id=9632]
  0x000002b89101a800 GCTaskThread "GC Thread#3" [stack: 0x000000d3df900000,0x000000d3dfa00000] [id=15568]
  0x000002b89101c000 GCTaskThread "GC Thread#4" [stack: 0x000000d3dfa00000,0x000000d3dfb00000] [id=19388]
  0x000002b89101f000 GCTaskThread "GC Thread#5" [stack: 0x000000d3dfb00000,0x000000d3dfc00000] [id=18964]
  0x000002b891020800 GCTaskThread "GC Thread#6" [stack: 0x000000d3dfc00000,0x000000d3dfd00000] [id=12688]
  0x000002b891022800 GCTaskThread "GC Thread#7" [stack: 0x000000d3dfd00000,0x000000d3dfe00000] [id=19112]
  0x000002b891099800 ConcurrentGCThread "G1 Main Marker" [stack: 0x000000d3dfe00000,0x000000d3dff00000] [id=348]
  0x000002b8910a2000 ConcurrentGCThread "G1 Conc#0" [stack: 0x000000d3dff00000,0x000000d3e0000000] [id=13992]
  0x000002b8910a3000 ConcurrentGCThread "G1 Conc#1" [stack: 0x000000d3e0000000,0x000000d3e0100000] [id=4584]

[error occurred during error reporting (printing all threads), id 0xe0000002]

VM state:not at safepoint (not fully initialized)

VM Mutex/Monitor currently owned by a thread:  ([mutex/lock_event])
[0x000002b890ff9350] Heap_lock - owner thread: 0x000002b890ffb000

Heap address: 0x0000000081600000, size: 2026 MB, Compressed Oops mode: Non-zero based: 0x0000000081600000
Narrow klass base: 0x0000000000000000, Narrow klass shift: 0

GC Heap History (0 events):
No events

Deoptimization events (0 events):
No events

Classes redefined (0 events):
No events

Internal exceptions (0 events):
No events

Events (0 events):
No events


Dynamic libraries:
0x00007ff620ef0000 - 0x00007ff620f2e000 	D:\Program Files\Java\jdk-10.0.2\bin\java.exe
0x00007ff8df2c0000 - 0x00007ff8df4b0000 	C:\WINDOWS\SYSTEM32\ntdll.dll
0x00007ff8dd690000 - 0x00007ff8dd742000 	C:\WINDOWS\System32\KERNEL32.DLL
0x00007ff8dcdb0000 - 0x00007ff8dd053000 	C:\WINDOWS\System32\KERNELBASE.dll
0x00007ff8deb10000 - 0x00007ff8debb3000 	C:\WINDOWS\System32\ADVAPI32.dll
0x00007ff8de9d0000 - 0x00007ff8dea6e000 	C:\WINDOWS\System32\msvcrt.dll
0x00007ff8dea70000 - 0x00007ff8deb07000 	C:\WINDOWS\System32\sechost.dll
0x00007ff8dda10000 - 0x00007ff8ddb30000 	C:\WINDOWS\System32\RPCRT4.dll
0x00007ff8dd490000 - 0x00007ff8dd624000 	C:\WINDOWS\System32\USER32.dll
0x00007ff8dc250000 - 0x00007ff8dc271000 	C:\WINDOWS\System32\win32u.dll
0x00007ff8dd9e0000 - 0x00007ff8dda06000 	C:\WINDOWS\System32\GDI32.dll
0x00007ff8dd0b0000 - 0x00007ff8dd244000 	C:\WINDOWS\System32\gdi32full.dll
0x00007ff8dcb10000 - 0x00007ff8dcbae000 	C:\WINDOWS\System32\msvcp_win.dll
0x00007ff8dd270000 - 0x00007ff8dd36a000 	C:\WINDOWS\System32\ucrtbase.dll
0x00007ff8db6a0000 - 0x00007ff8db925000 	C:\WINDOWS\WinSxS\amd64_microsoft.windows.common-controls_6595b64144ccf1df_6.0.18362.592_none_e6c0b1911312be02\COMCTL32.dll
0x00007ff8cff30000 - 0x00007ff8cff3a000 	C:\WINDOWS\SYSTEM32\VERSION.dll
0x00007ff8ded70000 - 0x00007ff8df0a6000 	C:\WINDOWS\System32\combase.dll
0x00007ff8dcd30000 - 0x00007ff8dcdb0000 	C:\WINDOWS\System32\bcryptPrimitives.dll
0x00007ff8dd460000 - 0x00007ff8dd48e000 	C:\WINDOWS\System32\IMM32.DLL
0x00007ff8a9710000 - 0x00007ff8a97ff000 	D:\Program Files\Java\jdk-10.0.2\bin\msvcr120.dll
0x00007ff8a90f0000 - 0x00007ff8a9196000 	D:\Program Files\Java\jdk-10.0.2\bin\msvcp120.dll
0x00000000642b0000 - 0x0000000064d20000 	D:\Program Files\Java\jdk-10.0.2\bin\server\jvm.dll
0x00007ff8df260000 - 0x00007ff8df268000 	C:\WINDOWS\System32\PSAPI.DLL
0x00007ff8cad40000 - 0x00007ff8cad49000 	C:\WINDOWS\SYSTEM32\WSOCK32.dll
0x00007ff8d9af0000 - 0x00007ff8d9b14000 	C:\WINDOWS\SYSTEM32\WINMM.dll
0x00007ff8de690000 - 0x00007ff8de6ff000 	C:\WINDOWS\System32\WS2_32.dll
0x00007ff8d9ac0000 - 0x00007ff8d9aed000 	C:\WINDOWS\SYSTEM32\winmmbase.dll
0x00007ff8dd060000 - 0x00007ff8dd0aa000 	C:\WINDOWS\System32\cfgmgr32.dll
0x00007ff8cc710000 - 0x00007ff8cc71f000 	D:\Program Files\Java\jdk-10.0.2\bin\verify.dll
0x00007ff8dbcb0000 - 0x00007ff8dbea4000 	C:\WINDOWS\SYSTEM32\DBGHELP.DLL
0x00007ff8dba20000 - 0x00007ff8dba4a000 	C:\WINDOWS\SYSTEM32\dbgcore.DLL
0x00007ff8be880000 - 0x00007ff8be8a7000 	D:\Program Files\Java\jdk-10.0.2\bin\java.dll
0x00007ff8b8d30000 - 0x00007ff8b8d66000 	D:\Program Files\Java\jdk-10.0.2\bin\jdwp.dll
0x00007ff8c0fb0000 - 0x00007ff8c0fda000 	D:\Program Files\Java\jdk-10.0.2\bin\instrument.dll
0x00007ff8c0aa0000 - 0x00007ff8c0ab6000 	D:\Program Files\Java\jdk-10.0.2\bin\zip.dll
0x00007ff8cc6d0000 - 0x00007ff8cc6da000 	D:\Program Files\Java\jdk-10.0.2\bin\jimage.dll

dbghelp: loaded successfully - version: 4.0.5 - missing functions: none
symbol engine: initialized successfully - sym options: 0x614 - pdb path: .;D:\Program Files\Java\jdk-10.0.2\bin;C:\WINDOWS\SYSTEM32;C:\WINDOWS\WinSxS\amd64_microsoft.windows.common-controls_6595b64144ccf1df_6.0.18362.592_none_e6c0b1911312be02;D:\Program Files\Java\jdk-10.0.2\bin\server

VM Arguments:
jvm_args: -agentlib:jdwp=transport=dt_socket,address=127.0.0.1:49574,suspend=y,server=n -javaagent:C:\Users\MAIBENBEN\AppData\Local\JetBrains\IntelliJIdea2020.2\captureAgent\debugger-agent.jar -Dfile.encoding=UTF-8 
java_command: com.company.sort8.Mainkuai
java_class_path (initial): D:\Users\MAIBENBEN\IdeaProjects\Test2020\out\production\Test2020;D:\Program Files\JetBrains\IntelliJ IDEA 2020.2.1\lib\idea_rt.jar
Launcher Type: SUN_STANDARD

Logging:
Log output configuration:
#0: stdout all=warning uptime,level,tags
#1: stderr all=off uptime,level,tags

Environment Variables:
PATH=D:\Users\MAIBENBEN\AppData\Local\Programs\Python\Python38\;D:\Users\MAIBENBEN\AppData\Local\Programs\Python\Python38\Scripts\；;D:\Program Files\Java\jdk-10.0.2\bin;C:\Program Files (x86)\Intel\iCLS Client\;C:\Program Files\Intel\iCLS Client\;C:\Windows\system32;C:\Windows;C:\Windows\System32\Wbem;C:\Windows\System32\WindowsPowerShell\v1.0\;C:\Program Files (x86)\NVIDIA Corporation\PhysX\Common;C:\Program Files (x86)\Intel\Intel(R) Management Engine Components\DAL;C:\Program Files\Intel\Intel(R) Management Engine Components\DAL;C:\Program Files (x86)\Intel\Intel(R) Management Engine Components\IPT;C:\Program Files\Intel\Intel(R) Management Engine Components\IPT;C:\Program Files\Intel\WiFi\bin\;C:\Program Files\Common Files\Intel\WirelessCommon\;C:\WINDOWS\system32;C:\WINDOWS;C:\WINDOWS\System32\Wbem;C:\WINDOWS\System32\WindowsPowerShell\v1.0\;C:\WINDOWS\System32\OpenSSH\;D:\ProgramData\Anaconda3;C:\Program Files\mysql-5.6.24-win32\bin;C:\Program Files (x86)\Microsoft SQL Server\100\Tools\Binn\;C:\Program Files\Microsoft SQL Server\100\Tools\Binn\;C:\Program Files\Microsoft SQL Server\100\DTS\Binn\;C:\Program Files (x86)\Microsoft SQL Server\100\Tools\Binn\VSShell\Common7\IDE\;C:\Program Files (x86)\Microsoft SQL Server\100\DTS\Binn\;C:\Program Files (x86)\Microsoft Visual Studio 9.0\Common7\IDE\PrivateAssemblies\;C:\Program Files (x86)\Windows Kits\8.1\Windows Performance Toolkit\;C:\Program Files (x86)\MySQL\MySQL Server 5.5\bin;D:\企业级项目实训\apache-maven-3.6.1\bin;D:\Program Files\nodejs\;D:\Program Files\nodejs;C:\ProgramData\chocolatey\bin;d:\Program Files\Git\cmd;C:\Program Files\dotnet\;C:\Program Files (x86)\GtkSharp\2.12\bin;D:\Program Files\CMake\bin;D:\Redis\;D:\Users\MAIBENBEN\AppData\Local\Programs\Python\Python38\Scripts\;D:\Users\MAIBENBEN\AppData\Local\Programs\Python\Python38\;C:\Program Files\MySQL\MySQL Shell 8.0\bin\;C:\Users\MAIBENBEN\AppData\Roaming\npm;D:\Program Files\nodejs;D:\Program Files\JetBrains\PyCharm 2019.3.3\bin;;d:\Users\MAIBE
USERNAME=MR li
OS=Windows_NT
PROCESSOR_IDENTIFIER=Intel64 Family 6 Model 142 Stepping 10, GenuineIntel



---------------  S Y S T E M  ---------------

OS: Windows 10 , 64 bit Build 18362 (10.0.18362.329)

CPU:total 8 (initial active 8) (4 cores per cpu, 2 threads per core) family 6 model 142 stepping 10, cmov, cx8, fxsr, mmx, sse, sse2, sse3, ssse3, sse4.1, sse4.2, popcnt, avx, avx2, aes, clmul, erms, 3dnowpref, lzcnt, ht, tsc, tscinvbit, bmi1, bmi2, adx, fma

Memory: 4k page, physical 8295652k(2021268k free), swap 11607404k(70252k free)

vm_info: Java HotSpot(TM) 64-Bit Server VM (10.0.2+13) for windows-amd64 JRE (10.0.2+13), built on Jun 28 2018 01:57:56 by "mach5one" with MS VC++ 12.0 (VS2013)

END.
